<?xml version="1.0" encoding="UTF-8"?>
<testsuite xmlns:xsi="http://www.w3.org/2001/XMLSchema-instance" xsi:noNamespaceSchemaLocation="https://maven.apache.org/surefire/maven-surefire-plugin/xsd/surefire-test-report-3.0.xsd" version="3.0" name="com.privatebutler.interfaces.user.UserControllerTest" time="0.479" tests="10" errors="0" skipped="0" failures="0">
  <properties>
[...]
</properties>
  <testcase name="register_shouldPersistUser" classname="com.privatebutler.interfaces.user.UserControllerTest" time="0.046">
    <system-out><![CDATA[
  .   ____          _            __ _ _
 /\\ / ___'_ __ _ _(_)_ __  __ _ \ \ \ \
( ( )\___ | '_ | '_| | '_ \/ _` | \ \ \ \
 \\/  ___)| |_)| | | | | || (_| |  ) ) ) )
  '  |____| .__|_| |_|_| |_\__, | / / / /
 =========|_|==============|___/=/_/_/_/
&amp#27;[32m :: Spring Boot :: &amp#27;[39m              &amp#27;[2m (v3.2.4)&amp#27;[0;39m

&amp#27;[2m2026-05-08T11:30:58.980+08:00&amp#27;[0;39m &amp#27;[32m INFO&amp#27;[0;39m &amp#27;[35m40689&amp#27;[0;39m &amp#27;[2m---&amp#27;[0;39m &amp#27;[2m[private-butler-server] [           main]&amp#27;[0;39m &amp#27;[2m&amp#27;[0;39m&amp#27;[36mc.p.interfaces.user.UserControllerTest  &amp#27;[0;39m &amp#27;[2m:&amp#27;[0;39m Starting UserControllerTest using Java 23.0.2 with PID 40689 (started by ninebot in /Users/ninebot/privateCode/practice-ai-demo)
&amp#27;[2m2026-05-08T11:30:58.980+08:00&amp#27;[0;39m &amp#27;[32m INFO&amp#27;[0;39m &amp#27;[35m40689&amp#27;[0;39m &amp#27;[2m---&amp#27;[0;39m &amp#27;[2m[private-butler-server] [           main]&amp#27;[0;39m &amp#27;[2m&amp#27;[0;39m&amp#27;[36mc.p.interfaces.user.UserControllerTest  &amp#27;[0;39m &amp#27;[2m:&amp#27;[0;39m The following 1 profile is active: "test"
&amp#27;[2m2026-05-08T11:30:59.057+08:00&amp#27;[0;39m &amp#27;[32m INFO&amp#27;[0;39m &amp#27;[35m40689&amp#27;[0;39m &amp#27;[2m---&amp#27;[0;39m &amp#27;[2m[private-butler-server] [           main]&amp#27;[0;39m &amp#27;[2m&amp#27;[0;39m&amp#27;[36m.s.d.r.c.RepositoryConfigurationDelegate&amp#27;[0;39m &amp#27;[2m:&amp#27;[0;39m Multiple Spring Data modules found, entering strict repository configuration mode
&amp#27;[2m2026-05-08T11:30:59.058+08:00&amp#27;[0;39m &amp#27;[32m INFO&amp#27;[0;39m &amp#27;[35m40689&amp#27;[0;39m &amp#27;[2m---&amp#27;[0;39m &amp#27;[2m[private-butler-server] [           main]&amp#27;[0;39m &amp#27;[2m&amp#27;[0;39m&amp#27;[36m.s.d.r.c.RepositoryConfigurationDelegate&amp#27;[0;39m &amp#27;[2m:&amp#27;[0;39m Bootstrapping Spring Data JPA repositories in DEFAULT mode.
&amp#27;[2m2026-05-08T11:30:59.064+08:00&amp#27;[0;39m &amp#27;[32m INFO&amp#27;[0;39m &amp#27;[35m40689&amp#27;[0;39m &amp#27;[2m---&amp#27;[0;39m &amp#27;[2m[private-butler-server] [           main]&amp#27;[0;39m &amp#27;[2m&amp#27;[0;39m&amp#27;[36m.s.d.r.c.RepositoryConfigurationDelegate&amp#27;[0;39m &amp#27;[2m:&amp#27;[0;39m Finished Spring Data repository scanning in 6 ms. Found 4 JPA repository interfaces.
&amp#27;[2m2026-05-08T11:30:59.066+08:00&amp#27;[0;39m &amp#27;[32m INFO&amp#27;[0;39m &amp#27;[35m40689&amp#27;[0;39m &amp#27;[2m---&amp#27;[0;39m &amp#27;[2m[private-butler-server] [           main]&amp#27;[0;39m &amp#27;[2m&amp#27;[0;39m&amp#27;[36m.s.d.r.c.RepositoryConfigurationDelegate&amp#27;[0;39m &amp#27;[2m:&amp#27;[0;39m Multiple Spring Data modules found, entering strict repository configuration mode
&amp#27;[2m2026-05-08T11:30:59.066+08:00&amp#27;[0;39m &amp#27;[32m INFO&amp#27;[0;39m &amp#27;[35m40689&amp#27;[0;39m &amp#27;[2m---&amp#27;[0;39m &amp#27;[2m[private-butler-server] [           main]&amp#27;[0;39m &amp#27;[2m&amp#27;[0;39m&amp#27;[36m.s.d.r.c.RepositoryConfigurationDelegate&amp#27;[0;39m &amp#27;[2m:&amp#27;[0;39m Bootstrapping Spring Data Redis repositories in DEFAULT mode.
&amp#27;[2m2026-05-08T11:30:59.068+08:00&amp#27;[0;39m &amp#27;[32m INFO&amp#27;[0;39m &amp#27;[35m40689&amp#27;[0;39m &amp#27;[2m---&amp#27;[0;39m &amp#27;[2m[private-butler-server] [           main]&amp#27;[0;39m &amp#27;[2m&amp#27;[0;39m&amp#27;[36m.RepositoryConfigurationExtensionSupport&amp#27;[0;39m &amp#27;[2m:&amp#27;[0;39m Spring Data Redis - Could not safely identify store assignment for repository candidate interface com.privatebutler.infrastructure.persistence.bookkeeping.CategoryJpaMapper; If you want this repository to be a Redis repository, consider annotating your entities with one of these annotations: org.springframework.data.redis.core.RedisHash (preferred), or consider extending one of the following types with your repository: org.springframework.data.keyvalue.repository.KeyValueRepository
&amp#27;[2m2026-05-08T11:30:59.068+08:00&amp#27;[0;39m &amp#27;[32m INFO&amp#27;[0;39m &amp#27;[35m40689&amp#27;[0;39m &amp#27;[2m---&amp#27;[0;39m &amp#27;[2m[private-butler-server] [           main]&amp#27;[0;39m &amp#27;[2m&amp#27;[0;39m&amp#27;[36m.RepositoryConfigurationExtensionSupport&amp#27;[0;39m &amp#27;[2m:&amp#27;[0;39m Spring Data Redis - Could not safely identify store assignment for repository candidate interface com.privatebutler.infrastructure.persistence.bookkeeping.RecordJpaMapper; If you want this repository to be a Redis repository, consider annotating your entities with one of these annotations: org.springframework.data.redis.core.RedisHash (preferred), or consider extending one of the following types with your repository: org.springframework.data.keyvalue.repository.KeyValueRepository
&amp#27;[2m2026-05-08T11:30:59.068+08:00&amp#27;[0;39m &amp#27;[32m INFO&amp#27;[0;39m &amp#27;[35m40689&amp#27;[0;39m &amp#27;[2m---&amp#27;[0;39m &amp#27;[2m[private-butler-server] [           main]&amp#27;[0;39m &amp#27;[2m&amp#27;[0;39m&amp#27;[36m.RepositoryConfigurationExtensionSupport&amp#27;[0;39m &amp#27;[2m:&amp#27;[0;39m Spring Data Redis - Could not safely identify store assignment for repository candidate interface com.privatebutler.infrastructure.persistence.schedule.ScheduleJpaMapper; If you want this repository to be a Redis repository, consider annotating your entities with one of these annotations: org.springframework.data.redis.core.RedisHash (preferred), or consider extending one of the following types with your repository: org.springframework.data.keyvalue.repository.KeyValueRepository
&amp#27;[2m2026-05-08T11:30:59.068+08:00&amp#27;[0;39m &amp#27;[32m INFO&amp#27;[0;39m &amp#27;[35m40689&amp#27;[0;39m &amp#27;[2m---&amp#27;[0;39m &amp#27;[2m[private-butler-server] [           main]&amp#27;[0;39m &amp#27;[2m&amp#27;[0;39m&amp#27;[36m.RepositoryConfigurationExtensionSupport&amp#27;[0;39m &amp#27;[2m:&amp#27;[0;39m Spring Data Redis - Could not safely identify store assignment for repository candidate interface com.privatebutler.infrastructure.persistence.user.UserJpaMapper; If you want this repository to be a Redis repository, consider annotating your entities with one of these annotations: org.springframework.data.redis.core.RedisHash (preferred), or consider extending one of the following types with your repository: org.springframework.data.keyvalue.repository.KeyValueRepository
&amp#27;[2m2026-05-08T11:30:59.068+08:00&amp#27;[0;39m &amp#27;[32m INFO&amp#27;[0;39m &amp#27;[35m40689&amp#27;[0;39m &amp#27;[2m---&amp#27;[0;39m &amp#27;[2m[private-butler-server] [           main]&amp#27;[0;39m &amp#27;[2m&amp#27;[0;39m&amp#27;[36m.s.d.r.c.RepositoryConfigurationDelegate&amp#27;[0;39m &amp#27;[2m:&amp#27;[0;39m Finished Spring Data repository scanning in 2 ms. Found 0 Redis repository interfaces.
&amp#27;[2m2026-05-08T11:30:59.128+08:00&amp#27;[0;39m &amp#27;[32m INFO&amp#27;[0;39m &amp#27;[35m40689&amp#27;[0;39m &amp#27;[2m---&amp#27;[0;39m &amp#27;[2m[private-butler-server] [           main]&amp#27;[0;39m &amp#27;[2m&amp#27;[0;39m&amp#27;[36mo.hibernate.jpa.internal.util.LogHelper &amp#27;[0;39m &amp#27;[2m:&amp#27;[0;39m HHH000204: Processing PersistenceUnitInfo [name: default]
&amp#27;[2m2026-05-08T11:30:59.129+08:00&amp#27;[0;39m &amp#27;[32m INFO&amp#27;[0;39m &amp#27;[35m40689&amp#27;[0;39m &amp#27;[2m---&amp#27;[0;39m &amp#27;[2m[private-butler-server] [           main]&amp#27;[0;39m &amp#27;[2m&amp#27;[0;39m&amp#27;[36mo.h.c.internal.RegionFactoryInitiator   &amp#27;[0;39m &amp#27;[2m:&amp#27;[0;39m HHH000026: Second-level cache disabled
&amp#27;[2m2026-05-08T11:30:59.131+08:00&amp#27;[0;39m &amp#27;[32m INFO&amp#27;[0;39m &amp#27;[35m40689&amp#27;[0;39m &amp#27;[2m---&amp#27;[0;39m &amp#27;[2m[private-butler-server] [           main]&amp#27;[0;39m &amp#27;[2m&amp#27;[0;39m&amp#27;[36mo.s.o.j.p.SpringPersistenceUnitInfo     &amp#27;[0;39m &amp#27;[2m:&amp#27;[0;39m No LoadTimeWeaver setup: ignoring JPA class transformer
&amp#27;[2m2026-05-08T11:30:59.131+08:00&amp#27;[0;39m &amp#27;[32m INFO&amp#27;[0;39m &amp#27;[35m40689&amp#27;[0;39m &amp#27;[2m---&amp#27;[0;39m &amp#27;[2m[private-butler-server] [           main]&amp#27;[0;39m &amp#27;[2m&amp#27;[0;39m&amp#27;[36mcom.zaxxer.hikari.HikariDataSource      &amp#27;[0;39m &amp#27;[2m:&amp#27;[0;39m HikariPool-2 - Starting...
&amp#27;[2m2026-05-08T11:30:59.144+08:00&amp#27;[0;39m &amp#27;[32m INFO&amp#27;[0;39m &amp#27;[35m40689&amp#27;[0;39m &amp#27;[2m---&amp#27;[0;39m &amp#27;[2m[private-butler-server] [           main]&amp#27;[0;39m &amp#27;[2m&amp#27;[0;39m&amp#27;[36mcom.zaxxer.hikari.pool.HikariPool       &amp#27;[0;39m &amp#27;[2m:&amp#27;[0;39m HikariPool-2 - Added connection com.mysql.cj.jdbc.ConnectionImpl@11e0a164
&amp#27;[2m2026-05-08T11:30:59.144+08:00&amp#27;[0;39m &amp#27;[32m INFO&amp#27;[0;39m &amp#27;[35m40689&amp#27;[0;39m &amp#27;[2m---&amp#27;[0;39m &amp#27;[2m[private-butler-server] [           main]&amp#27;[0;39m &amp#27;[2m&amp#27;[0;39m&amp#27;[36mcom.zaxxer.hikari.HikariDataSource      &amp#27;[0;39m &amp#27;[2m:&amp#27;[0;39m HikariPool-2 - Start completed.
&amp#27;[2m2026-05-08T11:30:59.144+08:00&amp#27;[0;39m &amp#27;[33m WARN&amp#27;[0;39m &amp#27;[35m40689&amp#27;[0;39m &amp#27;[2m---&amp#27;[0;39m &amp#27;[2m[private-butler-server] [           main]&amp#27;[0;39m &amp#27;[2m&amp#27;[0;39m&amp#27;[36morg.hibernate.orm.deprecation           &amp#27;[0;39m &amp#27;[2m:&amp#27;[0;39m HHH90000025: MySQLDialect does not need to be specified explicitly using 'hibernate.dialect' (remove the property setting and it will be selected by default)
&amp#27;[2m2026-05-08T11:30:59.186+08:00&amp#27;[0;39m &amp#27;[32m INFO&amp#27;[0;39m &amp#27;[35m40689&amp#27;[0;39m &amp#27;[2m---&amp#27;[0;39m &amp#27;[2m[private-butler-server] [           main]&amp#27;[0;39m &amp#27;[2m&amp#27;[0;39m&amp#27;[36mo.h.e.t.j.p.i.JtaPlatformInitiator      &amp#27;[0;39m &amp#27;[2m:&amp#27;[0;39m HHH000489: No JTA platform available (set 'hibernate.transaction.jta.platform' to enable JTA platform integration)
&amp#27;[2m2026-05-08T11:30:59.186+08:00&amp#27;[0;39m &amp#27;[32m INFO&amp#27;[0;39m &amp#27;[35m40689&amp#27;[0;39m &amp#27;[2m---&amp#27;[0;39m &amp#27;[2m[private-butler-server] [           main]&amp#27;[0;39m &amp#27;[2m&amp#27;[0;39m&amp#27;[36mj.LocalContainerEntityManagerFactoryBean&amp#27;[0;39m &amp#27;[2m:&amp#27;[0;39m Initialized JPA EntityManagerFactory for persistence unit 'default'
&amp#27;[2m2026-05-08T11:30:59.250+08:00&amp#27;[0;39m &amp#27;[33m WARN&amp#27;[0;39m &amp#27;[35m40689&amp#27;[0;39m &amp#27;[2m---&amp#27;[0;39m &amp#27;[2m[private-butler-server] [           main]&amp#27;[0;39m &amp#27;[2m&amp#27;[0;39m&amp#27;[36mJpaBaseConfiguration$JpaWebConfiguration&amp#27;[0;39m &amp#27;[2m:&amp#27;[0;39m spring.jpa.open-in-view is enabled by default. Therefore, database queries may be performed during view rendering. Explicitly configure spring.jpa.open-in-view to disable this warning
&amp#27;[2m2026-05-08T11:30:59.253+08:00&amp#27;[0;39m &amp#27;[33m WARN&amp#27;[0;39m &amp#27;[35m40689&amp#27;[0;39m &amp#27;[2m---&amp#27;[0;39m &amp#27;[2m[private-butler-server] [           main]&amp#27;[0;39m &amp#27;[2m&amp#27;[0;39m&amp#27;[36m.s.s.UserDetailsServiceAutoConfiguration&amp#27;[0;39m &amp#27;[2m:&amp#27;[0;39m 

Using generated security password: ddf6f37d-d783-433c-9c5e-00950c24f4fe

This generated password is for development use only. Your security configuration must be updated before running your application in production.

&amp#27;[2m2026-05-08T11:30:59.284+08:00&amp#27;[0;39m &amp#27;[32m INFO&amp#27;[0;39m &amp#27;[35m40689&amp#27;[0;39m &amp#27;[2m---&amp#27;[0;39m &amp#27;[2m[private-butler-server] [           main]&amp#27;[0;39m &amp#27;[2m&amp#27;[0;39m&amp#27;[36mo.s.s.web.DefaultSecurityFilterChain    &amp#27;[0;39m &amp#27;[2m:&amp#27;[0;39m Will secure any request with [org.springframework.security.web.session.DisableEncodeUrlFilter@34dae070, org.springframework.security.web.context.request.async.WebAsyncManagerIntegrationFilter@5df0e5f0, org.springframework.security.web.context.SecurityContextHolderFilter@7778822b, org.springframework.security.web.header.HeaderWriterFilter@3589425d, org.springframework.web.filter.CorsFilter@6dde8046, org.springframework.security.web.authentication.logout.LogoutFilter@6581985b, com.privatebutler.config.TestSecurityConfig$1@3447daf1, org.springframework.security.web.savedrequest.RequestCacheAwareFilter@3145b833, org.springframework.security.web.servletapi.SecurityContextHolderAwareRequestFilter@4e218fec, org.springframework.security.web.authentication.AnonymousAuthenticationFilter@7aba206b, org.springframework.security.web.session.SessionManagementFilter@6dceb58c, org.springframework.security.web.access.ExceptionTranslationFilter@52029f28, org.springframework.security.web.access.intercept.AuthorizationFilter@3b858ed8]
&amp#27;[2m2026-05-08T11:30:59.336+08:00&amp#27;[0;39m &amp#27;[32m INFO&amp#27;[0;39m &amp#27;[35m40689&amp#27;[0;39m &amp#27;[2m---&amp#27;[0;39m &amp#27;[2m[private-butler-server] [           main]&amp#27;[0;39m &amp#27;[2m&amp#27;[0;39m&amp#27;[36mo.s.b.t.m.w.SpringBootMockServletContext&amp#27;[0;39m &amp#27;[2m:&amp#27;[0;39m Initializing Spring TestDispatcherServlet ''
&amp#27;[2m2026-05-08T11:30:59.336+08:00&amp#27;[0;39m &amp#27;[32m INFO&amp#27;[0;39m &amp#27;[35m40689&amp#27;[0;39m &amp#27;[2m---&amp#27;[0;39m &amp#27;[2m[private-butler-server] [           main]&amp#27;[0;39m &amp#27;[2m&amp#27;[0;39m&amp#27;[36mo.s.t.web.servlet.TestDispatcherServlet &amp#27;[0;39m &amp#27;[2m:&amp#27;[0;39m Initializing Servlet ''
&amp#27;[2m2026-05-08T11:30:59.336+08:00&amp#27;[0;39m &amp#27;[32m INFO&amp#27;[0;39m &amp#27;[35m40689&amp#27;[0;39m &amp#27;[2m---&amp#27;[0;39m &amp#27;[2m[private-butler-server] [           main]&amp#27;[0;39m &amp#27;[2m&amp#27;[0;39m&amp#27;[36mo.s.t.web.servlet.TestDispatcherServlet &amp#27;[0;39m &amp#27;[2m:&amp#27;[0;39m Completed initialization in 0 ms
&amp#27;[2m2026-05-08T11:30:59.340+08:00&amp#27;[0;39m &amp#27;[32m INFO&amp#27;[0;39m &amp#27;[35m40689&amp#27;[0;39m &amp#27;[2m---&amp#27;[0;39m &amp#27;[2m[private-butler-server] [           main]&amp#27;[0;39m &amp#27;[2m&amp#27;[0;39m&amp#27;[36mc.p.interfaces.user.UserControllerTest  &amp#27;[0;39m &amp#27;[2m:&amp#27;[0;39m Started UserControllerTest in 0.37 seconds (process running for 4.287)
Hibernate: 
    select
        u1_0.id 
    from
        sys_user u1_0 
    where
        u1_0.phone=? 
    limit
        ?
Hibernate: 
    insert 
    into
        sys_user
        (created_at, last_login_time, lock_time, login_fail_count, password, phone, remember_password, status, updated_at) 
    values
        (?, ?, ?, ?, ?, ?, ?, ?, ?)
Hibernate: 
    select
        u1_0.id,
        u1_0.created_at,
        u1_0.last_login_time,
        u1_0.lock_time,
        u1_0.login_fail_count,
        u1_0.password,
        u1_0.phone,
        u1_0.remember_password,
        u1_0.status,
        u1_0.updated_at 
    from
        sys_user u1_0 
    where
        u1_0.phone=?
]]></system-out>
  </testcase>
  <testcase name="register_duplicatePhone_shouldFail" classname="com.privatebutler.interfaces.user.UserControllerTest" time="0.008">
    <system-out><![CDATA[Hibernate: 
    insert 
    into
        sys_user
        (created_at, last_login_time, lock_time, login_fail_count, password, phone, remember_password, status, updated_at) 
    values
        (?, ?, ?, ?, ?, ?, ?, ?, ?)
Hibernate: 
    select
        u1_0.id 
    from
        sys_user u1_0 
    where
        u1_0.phone=? 
    limit
        ?
]]></system-out>
  </testcase>
  <testcase name="updateProfile_shouldPersist" classname="com.privatebutler.interfaces.user.UserControllerTest" time="0.007">
    <system-out><![CDATA[Hibernate: 
    insert 
    into
        sys_user
        (created_at, last_login_time, lock_time, login_fail_count, password, phone, remember_password, status, updated_at) 
    values
        (?, ?, ?, ?, ?, ?, ?, ?, ?)
]]></system-out>
  </testcase>
  <testcase name="login_shouldSucceed" classname="com.privatebutler.interfaces.user.UserControllerTest" time="0.009">
    <system-out><![CDATA[Hibernate: 
    insert 
    into
        sys_user
        (created_at, last_login_time, lock_time, login_fail_count, password, phone, remember_password, status, updated_at) 
    values
        (?, ?, ?, ?, ?, ?, ?, ?, ?)
Hibernate: 
    select
        u1_0.id,
        u1_0.created_at,
        u1_0.last_login_time,
        u1_0.lock_time,
        u1_0.login_fail_count,
        u1_0.password,
        u1_0.phone,
        u1_0.remember_password,
        u1_0.status,
        u1_0.updated_at 
    from
        sys_user u1_0 
    where
        u1_0.phone=?
]]></system-out>
  </testcase>
  <testcase name="login_wrongPassword_shouldFail" classname="com.privatebutler.interfaces.user.UserControllerTest" time="0.006">
    <system-out><![CDATA[Hibernate: 
    insert 
    into
        sys_user
        (created_at, last_login_time, lock_time, login_fail_count, password, phone, remember_password, status, updated_at) 
    values
        (?, ?, ?, ?, ?, ?, ?, ?, ?)
Hibernate: 
    select
        u1_0.id,
        u1_0.created_at,
        u1_0.last_login_time,
        u1_0.lock_time,
        u1_0.login_fail_count,
        u1_0.password,
        u1_0.phone,
        u1_0.remember_password,
        u1_0.status,
        u1_0.updated_at 
    from
        sys_user u1_0 
    where
        u1_0.phone=?
]]></system-out>
  </testcase>
  <testcase name="logout_shouldSucceed" classname="com.privatebutler.interfaces.user.UserControllerTest" time="0.005">
    <system-out><![CDATA[Hibernate: 
    insert 
    into
        sys_user
        (created_at, last_login_time, lock_time, login_fail_count, password, phone, remember_password, status, updated_at) 
    values
        (?, ?, ?, ?, ?, ?, ?, ?, ?)
]]></system-out>
  </testcase>
  <testcase name="register_noAgreement_shouldFail" classname="com.privatebutler.interfaces.user.UserControllerTest" time="0.003"/>
  <testcase name="resetPassword_shouldSucceed" classname="com.privatebutler.interfaces.user.UserControllerTest" time="0.008">
    <system-out><![CDATA[Hibernate: 
    insert 
    into
        sys_user
        (created_at, last_login_time, lock_time, login_fail_count, password, phone, remember_password, status, updated_at) 
    values
        (?, ?, ?, ?, ?, ?, ?, ?, ?)
Hibernate: 
    select
        u1_0.id,
        u1_0.created_at,
        u1_0.last_login_time,
        u1_0.lock_time,
        u1_0.login_fail_count,
        u1_0.password,
        u1_0.phone,
        u1_0.remember_password,
        u1_0.status,
        u1_0.updated_at 
    from
        sys_user u1_0 
    where
        u1_0.phone=?
Hibernate: 
    select
        u1_0.id,
        u1_0.created_at,
        u1_0.last_login_time,
        u1_0.lock_time,
        u1_0.login_fail_count,
        u1_0.password,
        u1_0.phone,
        u1_0.remember_password,
        u1_0.status,
        u1_0.updated_at 
    from
        sys_user u1_0 
    where
        u1_0.phone=?
]]></system-out>
  </testcase>
  <testcase name="getProfile_shouldReturnUserData" classname="com.privatebutler.interfaces.user.UserControllerTest" time="0.005">
    <system-out><![CDATA[Hibernate: 
    insert 
    into
        sys_user
        (created_at, last_login_time, lock_time, login_fail_count, password, phone, remember_password, status, updated_at) 
    values
        (?, ?, ?, ?, ?, ?, ?, ?, ?)
]]></system-out>
  </testcase>
  <testcase name="sendSmsCode_shouldReturnCode" classname="com.privatebutler.interfaces.user.UserControllerTest" time="0.003"/>
</testsuite>