<?xml version="1.0" encoding="UTF-8"?>
<testsuite xmlns:xsi="http://www.w3.org/2001/XMLSchema-instance" xsi:noNamespaceSchemaLocation="https://maven.apache.org/surefire/maven-surefire-plugin/xsd/surefire-test-report-3.0.xsd" version="3.0" name="com.privatebutler.interfaces.schedule.ScheduleControllerTest" time="3.55" tests="10" errors="0" skipped="0" failures="0">
  <properties>
[...]
</properties>
  <testcase name="createSchedule_shouldPersist" classname="com.privatebutler.interfaces.schedule.ScheduleControllerTest" time="0.215">
    <system-out><![CDATA[
  .   ____          _            __ _ _
 /\\ / ___'_ __ _ _(_)_ __  __ _ \ \ \ \
( ( )\___ | '_ | '_| | '_ \/ _` | \ \ \ \
 \\/  ___)| |_)| | | | | || (_| |  ) ) ) )
  '  |____| .__|_| |_|_| |_\__, | / / / /
 =========|_|==============|___/=/_/_/_/
&amp#27;[32m :: Spring Boot :: &amp#27;[39m              &amp#27;[2m (v3.2.4)&amp#27;[0;39m

&amp#27;[2m2026-05-08T11:30:55.623+08:00&amp#27;[0;39m &amp#27;[32m INFO&amp#27;[0;39m &amp#27;[35m40689&amp#27;[0;39m &amp#27;[2m---&amp#27;[0;39m &amp#27;[2m[private-butler-server] [           main]&amp#27;[0;39m &amp#27;[2m&amp#27;[0;39m&amp#27;[36mc.p.i.schedule.ScheduleControllerTest   &amp#27;[0;39m &amp#27;[2m:&amp#27;[0;39m Starting ScheduleControllerTest using Java 23.0.2 with PID 40689 (started by ninebot in /Users/ninebot/privateCode/practice-ai-demo)
&amp#27;[2m2026-05-08T11:30:55.624+08:00&amp#27;[0;39m &amp#27;[32m INFO&amp#27;[0;39m &amp#27;[35m40689&amp#27;[0;39m &amp#27;[2m---&amp#27;[0;39m &amp#27;[2m[private-butler-server] [           main]&amp#27;[0;39m &amp#27;[2m&amp#27;[0;39m&amp#27;[36mc.p.i.schedule.ScheduleControllerTest   &amp#27;[0;39m &amp#27;[2m:&amp#27;[0;39m The following 1 profile is active: "test"
&amp#27;[2m2026-05-08T11:30:55.943+08:00&amp#27;[0;39m &amp#27;[32m INFO&amp#27;[0;39m &amp#27;[35m40689&amp#27;[0;39m &amp#27;[2m---&amp#27;[0;39m &amp#27;[2m[private-butler-server] [           main]&amp#27;[0;39m &amp#27;[2m&amp#27;[0;39m&amp#27;[36m.s.d.r.c.RepositoryConfigurationDelegate&amp#27;[0;39m &amp#27;[2m:&amp#27;[0;39m Multiple Spring Data modules found, entering strict repository configuration mode
&amp#27;[2m2026-05-08T11:30:55.944+08:00&amp#27;[0;39m &amp#27;[32m INFO&amp#27;[0;39m &amp#27;[35m40689&amp#27;[0;39m &amp#27;[2m---&amp#27;[0;39m &amp#27;[2m[private-butler-server] [           main]&amp#27;[0;39m &amp#27;[2m&amp#27;[0;39m&amp#27;[36m.s.d.r.c.RepositoryConfigurationDelegate&amp#27;[0;39m &amp#27;[2m:&amp#27;[0;39m Bootstrapping Spring Data JPA repositories in DEFAULT mode.
&amp#27;[2m2026-05-08T11:30:56.017+08:00&amp#27;[0;39m &amp#27;[32m INFO&amp#27;[0;39m &amp#27;[35m40689&amp#27;[0;39m &amp#27;[2m---&amp#27;[0;39m &amp#27;[2m[private-butler-server] [           main]&amp#27;[0;39m &amp#27;[2m&amp#27;[0;39m&amp#27;[36m.s.d.r.c.RepositoryConfigurationDelegate&amp#27;[0;39m &amp#27;[2m:&amp#27;[0;39m Finished Spring Data repository scanning in 69 ms. Found 4 JPA repository interfaces.
&amp#27;[2m2026-05-08T11:30:56.028+08:00&amp#27;[0;39m &amp#27;[32m INFO&amp#27;[0;39m &amp#27;[35m40689&amp#27;[0;39m &amp#27;[2m---&amp#27;[0;39m &amp#27;[2m[private-butler-server] [           main]&amp#27;[0;39m &amp#27;[2m&amp#27;[0;39m&amp#27;[36m.s.d.r.c.RepositoryConfigurationDelegate&amp#27;[0;39m &amp#27;[2m:&amp#27;[0;39m Multiple Spring Data modules found, entering strict repository configuration mode
&amp#27;[2m2026-05-08T11:30:56.028+08:00&amp#27;[0;39m &amp#27;[32m INFO&amp#27;[0;39m &amp#27;[35m40689&amp#27;[0;39m &amp#27;[2m---&amp#27;[0;39m &amp#27;[2m[private-butler-server] [           main]&amp#27;[0;39m &amp#27;[2m&amp#27;[0;39m&amp#27;[36m.s.d.r.c.RepositoryConfigurationDelegate&amp#27;[0;39m &amp#27;[2m:&amp#27;[0;39m Bootstrapping Spring Data Redis repositories in DEFAULT mode.
&amp#27;[2m2026-05-08T11:30:56.036+08:00&amp#27;[0;39m &amp#27;[32m INFO&amp#27;[0;39m &amp#27;[35m40689&amp#27;[0;39m &amp#27;[2m---&amp#27;[0;39m &amp#27;[2m[private-butler-server] [           main]&amp#27;[0;39m &amp#27;[2m&amp#27;[0;39m&amp#27;[36m.RepositoryConfigurationExtensionSupport&amp#27;[0;39m &amp#27;[2m:&amp#27;[0;39m Spring Data Redis - Could not safely identify store assignment for repository candidate interface com.privatebutler.infrastructure.persistence.bookkeeping.CategoryJpaMapper; If you want this repository to be a Redis repository, consider annotating your entities with one of these annotations: org.springframework.data.redis.core.RedisHash (preferred), or consider extending one of the following types with your repository: org.springframework.data.keyvalue.repository.KeyValueRepository
&amp#27;[2m2026-05-08T11:30:56.036+08:00&amp#27;[0;39m &amp#27;[32m INFO&amp#27;[0;39m &amp#27;[35m40689&amp#27;[0;39m &amp#27;[2m---&amp#27;[0;39m &amp#27;[2m[private-butler-server] [           main]&amp#27;[0;39m &amp#27;[2m&amp#27;[0;39m&amp#27;[36m.RepositoryConfigurationExtensionSupport&amp#27;[0;39m &amp#27;[2m:&amp#27;[0;39m Spring Data Redis - Could not safely identify store assignment for repository candidate interface com.privatebutler.infrastructure.persistence.bookkeeping.RecordJpaMapper; If you want this repository to be a Redis repository, consider annotating your entities with one of these annotations: org.springframework.data.redis.core.RedisHash (preferred), or consider extending one of the following types with your repository: org.springframework.data.keyvalue.repository.KeyValueRepository
&amp#27;[2m2026-05-08T11:30:56.036+08:00&amp#27;[0;39m &amp#27;[32m INFO&amp#27;[0;39m &amp#27;[35m40689&amp#27;[0;39m &amp#27;[2m---&amp#27;[0;39m &amp#27;[2m[private-butler-server] [           main]&amp#27;[0;39m &amp#27;[2m&amp#27;[0;39m&amp#27;[36m.RepositoryConfigurationExtensionSupport&amp#27;[0;39m &amp#27;[2m:&amp#27;[0;39m Spring Data Redis - Could not safely identify store assignment for repository candidate interface com.privatebutler.infrastructure.persistence.schedule.ScheduleJpaMapper; If you want this repository to be a Redis repository, consider annotating your entities with one of these annotations: org.springframework.data.redis.core.RedisHash (preferred), or consider extending one of the following types with your repository: org.springframework.data.keyvalue.repository.KeyValueRepository
&amp#27;[2m2026-05-08T11:30:56.037+08:00&amp#27;[0;39m &amp#27;[32m INFO&amp#27;[0;39m &amp#27;[35m40689&amp#27;[0;39m &amp#27;[2m---&amp#27;[0;39m &amp#27;[2m[private-butler-server] [           main]&amp#27;[0;39m &amp#27;[2m&amp#27;[0;39m&amp#27;[36m.RepositoryConfigurationExtensionSupport&amp#27;[0;39m &amp#27;[2m:&amp#27;[0;39m Spring Data Redis - Could not safely identify store assignment for repository candidate interface com.privatebutler.infrastructure.persistence.user.UserJpaMapper; If you want this repository to be a Redis repository, consider annotating your entities with one of these annotations: org.springframework.data.redis.core.RedisHash (preferred), or consider extending one of the following types with your repository: org.springframework.data.keyvalue.repository.KeyValueRepository
&amp#27;[2m2026-05-08T11:30:56.037+08:00&amp#27;[0;39m &amp#27;[32m INFO&amp#27;[0;39m &amp#27;[35m40689&amp#27;[0;39m &amp#27;[2m---&amp#27;[0;39m &amp#27;[2m[private-butler-server] [           main]&amp#27;[0;39m &amp#27;[2m&amp#27;[0;39m&amp#27;[36m.s.d.r.c.RepositoryConfigurationDelegate&amp#27;[0;39m &amp#27;[2m:&amp#27;[0;39m Finished Spring Data repository scanning in 5 ms. Found 0 Redis repository interfaces.
&amp#27;[2m2026-05-08T11:30:56.769+08:00&amp#27;[0;39m &amp#27;[32m INFO&amp#27;[0;39m &amp#27;[35m40689&amp#27;[0;39m &amp#27;[2m---&amp#27;[0;39m &amp#27;[2m[private-butler-server] [           main]&amp#27;[0;39m &amp#27;[2m&amp#27;[0;39m&amp#27;[36mo.hibernate.jpa.internal.util.LogHelper &amp#27;[0;39m &amp#27;[2m:&amp#27;[0;39m HHH000204: Processing PersistenceUnitInfo [name: default]
&amp#27;[2m2026-05-08T11:30:56.798+08:00&amp#27;[0;39m &amp#27;[32m INFO&amp#27;[0;39m &amp#27;[35m40689&amp#27;[0;39m &amp#27;[2m---&amp#27;[0;39m &amp#27;[2m[private-butler-server] [           main]&amp#27;[0;39m &amp#27;[2m&amp#27;[0;39m&amp#27;[36morg.hibernate.Version                   &amp#27;[0;39m &amp#27;[2m:&amp#27;[0;39m HHH000412: Hibernate ORM core version 6.4.4.Final
&amp#27;[2m2026-05-08T11:30:56.812+08:00&amp#27;[0;39m &amp#27;[32m INFO&amp#27;[0;39m &amp#27;[35m40689&amp#27;[0;39m &amp#27;[2m---&amp#27;[0;39m &amp#27;[2m[private-butler-server] [           main]&amp#27;[0;39m &amp#27;[2m&amp#27;[0;39m&amp#27;[36mo.h.c.internal.RegionFactoryInitiator   &amp#27;[0;39m &amp#27;[2m:&amp#27;[0;39m HHH000026: Second-level cache disabled
&amp#27;[2m2026-05-08T11:30:56.861+08:00&amp#27;[0;39m &amp#27;[32m INFO&amp#27;[0;39m &amp#27;[35m40689&amp#27;[0;39m &amp#27;[2m---&amp#27;[0;39m &amp#27;[2m[private-butler-server] [           main]&amp#27;[0;39m &amp#27;[2m&amp#27;[0;39m&amp#27;[36mo.s.o.j.p.SpringPersistenceUnitInfo     &amp#27;[0;39m &amp#27;[2m:&amp#27;[0;39m No LoadTimeWeaver setup: ignoring JPA class transformer
&amp#27;[2m2026-05-08T11:30:56.873+08:00&amp#27;[0;39m &amp#27;[32m INFO&amp#27;[0;39m &amp#27;[35m40689&amp#27;[0;39m &amp#27;[2m---&amp#27;[0;39m &amp#27;[2m[private-butler-server] [           main]&amp#27;[0;39m &amp#27;[2m&amp#27;[0;39m&amp#27;[36mcom.zaxxer.hikari.HikariDataSource      &amp#27;[0;39m &amp#27;[2m:&amp#27;[0;39m HikariPool-1 - Starting...
&amp#27;[2m2026-05-08T11:30:57.104+08:00&amp#27;[0;39m &amp#27;[32m INFO&amp#27;[0;39m &amp#27;[35m40689&amp#27;[0;39m &amp#27;[2m---&amp#27;[0;39m &amp#27;[2m[private-butler-server] [           main]&amp#27;[0;39m &amp#27;[2m&amp#27;[0;39m&amp#27;[36mcom.zaxxer.hikari.pool.HikariPool       &amp#27;[0;39m &amp#27;[2m:&amp#27;[0;39m HikariPool-1 - Added connection com.mysql.cj.jdbc.ConnectionImpl@7741507c
&amp#27;[2m2026-05-08T11:30:57.105+08:00&amp#27;[0;39m &amp#27;[32m INFO&amp#27;[0;39m &amp#27;[35m40689&amp#27;[0;39m &amp#27;[2m---&amp#27;[0;39m &amp#27;[2m[private-butler-server] [           main]&amp#27;[0;39m &amp#27;[2m&amp#27;[0;39m&amp#27;[36mcom.zaxxer.hikari.HikariDataSource      &amp#27;[0;39m &amp#27;[2m:&amp#27;[0;39m HikariPool-1 - Start completed.
&amp#27;[2m2026-05-08T11:30:57.130+08:00&amp#27;[0;39m &amp#27;[33m WARN&amp#27;[0;39m &amp#27;[35m40689&amp#27;[0;39m &amp#27;[2m---&amp#27;[0;39m &amp#27;[2m[private-butler-server] [           main]&amp#27;[0;39m &amp#27;[2m&amp#27;[0;39m&amp#27;[36morg.hibernate.orm.deprecation           &amp#27;[0;39m &amp#27;[2m:&amp#27;[0;39m HHH90000025: MySQLDialect does not need to be specified explicitly using 'hibernate.dialect' (remove the property setting and it will be selected by default)
&amp#27;[2m2026-05-08T11:30:57.491+08:00&amp#27;[0;39m &amp#27;[32m INFO&amp#27;[0;39m &amp#27;[35m40689&amp#27;[0;39m &amp#27;[2m---&amp#27;[0;39m &amp#27;[2m[private-butler-server] [           main]&amp#27;[0;39m &amp#27;[2m&amp#27;[0;39m&amp#27;[36mo.h.e.t.j.p.i.JtaPlatformInitiator      &amp#27;[0;39m &amp#27;[2m:&amp#27;[0;39m HHH000489: No JTA platform available (set 'hibernate.transaction.jta.platform' to enable JTA platform integration)
&amp#27;[2m2026-05-08T11:30:57.492+08:00&amp#27;[0;39m &amp#27;[32m INFO&amp#27;[0;39m &amp#27;[35m40689&amp#27;[0;39m &amp#27;[2m---&amp#27;[0;39m &amp#27;[2m[private-butler-server] [           main]&amp#27;[0;39m &amp#27;[2m&amp#27;[0;39m&amp#27;[36mj.LocalContainerEntityManagerFactoryBean&amp#27;[0;39m &amp#27;[2m:&amp#27;[0;39m Initialized JPA EntityManagerFactory for persistence unit 'default'
&amp#27;[2m2026-05-08T11:30:57.671+08:00&amp#27;[0;39m &amp#27;[32m INFO&amp#27;[0;39m &amp#27;[35m40689&amp#27;[0;39m &amp#27;[2m---&amp#27;[0;39m &amp#27;[2m[private-butler-server] [           main]&amp#27;[0;39m &amp#27;[2m&amp#27;[0;39m&amp#27;[36mo.s.d.j.r.query.QueryEnhancerFactory    &amp#27;[0;39m &amp#27;[2m:&amp#27;[0;39m Hibernate is in classpath; If applicable, HQL parser will be used.
&amp#27;[2m2026-05-08T11:30:58.096+08:00&amp#27;[0;39m &amp#27;[33m WARN&amp#27;[0;39m &amp#27;[35m40689&amp#27;[0;39m &amp#27;[2m---&amp#27;[0;39m &amp#27;[2m[private-butler-server] [           main]&amp#27;[0;39m &amp#27;[2m&amp#27;[0;39m&amp#27;[36mJpaBaseConfiguration$JpaWebConfiguration&amp#27;[0;39m &amp#27;[2m:&amp#27;[0;39m spring.jpa.open-in-view is enabled by default. Therefore, database queries may be performed during view rendering. Explicitly configure spring.jpa.open-in-view to disable this warning
&amp#27;[2m2026-05-08T11:30:58.106+08:00&amp#27;[0;39m &amp#27;[33m WARN&amp#27;[0;39m &amp#27;[35m40689&amp#27;[0;39m &amp#27;[2m---&amp#27;[0;39m &amp#27;[2m[private-butler-server] [           main]&amp#27;[0;39m &amp#27;[2m&amp#27;[0;39m&amp#27;[36m.s.s.UserDetailsServiceAutoConfiguration&amp#27;[0;39m &amp#27;[2m:&amp#27;[0;39m 

Using generated security password: 94c1a485-3d7a-41d1-ac37-ba54d68b3738

This generated password is for development use only. Your security configuration must be updated before running your application in production.

&amp#27;[2m2026-05-08T11:30:58.251+08:00&amp#27;[0;39m &amp#27;[32m INFO&amp#27;[0;39m &amp#27;[35m40689&amp#27;[0;39m &amp#27;[2m---&amp#27;[0;39m &amp#27;[2m[private-butler-server] [           main]&amp#27;[0;39m &amp#27;[2m&amp#27;[0;39m&amp#27;[36mo.s.s.web.DefaultSecurityFilterChain    &amp#27;[0;39m &amp#27;[2m:&amp#27;[0;39m Will secure any request with [org.springframework.security.web.session.DisableEncodeUrlFilter@7262f848, org.springframework.security.web.context.request.async.WebAsyncManagerIntegrationFilter@6e4dfd4d, org.springframework.security.web.context.SecurityContextHolderFilter@3a0773, org.springframework.security.web.header.HeaderWriterFilter@13095872, org.springframework.web.filter.CorsFilter@2d86f17b, org.springframework.security.web.authentication.logout.LogoutFilter@4b85a64, com.privatebutler.config.TestSecurityConfig$1@27154b20, org.springframework.security.web.savedrequest.RequestCacheAwareFilter@270b527f, org.springframework.security.web.servletapi.SecurityContextHolderAwareRequestFilter@23ba044f, org.springframework.security.web.authentication.AnonymousAuthenticationFilter@340572ad, org.springframework.security.web.session.SessionManagementFilter@59631e2a, org.springframework.security.web.access.ExceptionTranslationFilter@6b7b046, org.springframework.security.web.access.intercept.AuthorizationFilter@7a4729e6]
&amp#27;[2m2026-05-08T11:30:58.519+08:00&amp#27;[0;39m &amp#27;[32m INFO&amp#27;[0;39m &amp#27;[35m40689&amp#27;[0;39m &amp#27;[2m---&amp#27;[0;39m &amp#27;[2m[private-butler-server] [           main]&amp#27;[0;39m &amp#27;[2m&amp#27;[0;39m&amp#27;[36mo.s.b.t.m.w.SpringBootMockServletContext&amp#27;[0;39m &amp#27;[2m:&amp#27;[0;39m Initializing Spring TestDispatcherServlet ''
&amp#27;[2m2026-05-08T11:30:58.519+08:00&amp#27;[0;39m &amp#27;[32m INFO&amp#27;[0;39m &amp#27;[35m40689&amp#27;[0;39m &amp#27;[2m---&amp#27;[0;39m &amp#27;[2m[private-butler-server] [           main]&amp#27;[0;39m &amp#27;[2m&amp#27;[0;39m&amp#27;[36mo.s.t.web.servlet.TestDispatcherServlet &amp#27;[0;39m &amp#27;[2m:&amp#27;[0;39m Initializing Servlet ''
&amp#27;[2m2026-05-08T11:30:58.520+08:00&amp#27;[0;39m &amp#27;[32m INFO&amp#27;[0;39m &amp#27;[35m40689&amp#27;[0;39m &amp#27;[2m---&amp#27;[0;39m &amp#27;[2m[private-butler-server] [           main]&amp#27;[0;39m &amp#27;[2m&amp#27;[0;39m&amp#27;[36mo.s.t.web.servlet.TestDispatcherServlet &amp#27;[0;39m &amp#27;[2m:&amp#27;[0;39m Completed initialization in 0 ms
&amp#27;[2m2026-05-08T11:30:58.530+08:00&amp#27;[0;39m &amp#27;[32m INFO&amp#27;[0;39m &amp#27;[35m40689&amp#27;[0;39m &amp#27;[2m---&amp#27;[0;39m &amp#27;[2m[private-butler-server] [           main]&amp#27;[0;39m &amp#27;[2m&amp#27;[0;39m&amp#27;[36mc.p.i.schedule.ScheduleControllerTest   &amp#27;[0;39m &amp#27;[2m:&amp#27;[0;39m Started ScheduleControllerTest in 3.06 seconds (process running for 3.477)
Hibernate: 
    insert 
    into
        sys_user
        (created_at, last_login_time, lock_time, login_fail_count, password, phone, remember_password, status, updated_at) 
    values
        (?, ?, ?, ?, ?, ?, ?, ?, ?)
Hibernate: 
    insert 
    into
        sch_schedule
        (category, created_at, note, remind_before, repeat_end_date, repeat_month_date, repeat_type, repeat_week_days, schedule_date, schedule_time, status, title, updated_at, user_id) 
    values
        (?, ?, ?, ?, ?, ?, ?, ?, ?, ?, ?, ?, ?, ?)
Hibernate: 
    select
        s1_0.id,
        s1_0.category,
        s1_0.created_at,
        s1_0.note,
        s1_0.remind_before,
        s1_0.repeat_end_date,
        s1_0.repeat_month_date,
        s1_0.repeat_type,
        s1_0.repeat_week_days,
        s1_0.schedule_date,
        s1_0.schedule_time,
        s1_0.status,
        s1_0.title,
        s1_0.updated_at,
        s1_0.user_id 
    from
        sch_schedule s1_0 
    where
        s1_0.user_id=? 
        and s1_0.status=? 
    order by
        s1_0.schedule_date
]]></system-out>
    <system-err><![CDATA[WARNING: A Java agent has been loaded dynamically (/Users/ninebot/.m2/repository/net/bytebuddy/byte-buddy-agent/1.14.12/byte-buddy-agent-1.14.12.jar)
WARNING: If a serviceability tool is in use, please run with -XX:+EnableDynamicAgentLoading to hide this warning
WARNING: If a serviceability tool is not in use, please run with -Djdk.instrument.traceUsage for more information
WARNING: Dynamic loading of agents will be disallowed by default in a future release
]]></system-err>
  </testcase>
  <testcase name="checkReminders_shouldReturnDue" classname="com.privatebutler.interfaces.schedule.ScheduleControllerTest" time="0.017">
    <system-out><![CDATA[Hibernate: 
    insert 
    into
        sys_user
        (created_at, last_login_time, lock_time, login_fail_count, password, phone, remember_password, status, updated_at) 
    values
        (?, ?, ?, ?, ?, ?, ?, ?, ?)
Hibernate: 
    insert 
    into
        sch_schedule
        (category, created_at, note, remind_before, repeat_end_date, repeat_month_date, repeat_type, repeat_week_days, schedule_date, schedule_time, status, title, updated_at, user_id) 
    values
        (?, ?, ?, ?, ?, ?, ?, ?, ?, ?, ?, ?, ?, ?)
Hibernate: 
    select
        s1_0.id,
        s1_0.category,
        s1_0.created_at,
        s1_0.note,
        s1_0.remind_before,
        s1_0.repeat_end_date,
        s1_0.repeat_month_date,
        s1_0.repeat_type,
        s1_0.repeat_week_days,
        s1_0.schedule_date,
        s1_0.schedule_time,
        s1_0.status,
        s1_0.title,
        s1_0.updated_at,
        s1_0.user_id 
    from
        sch_schedule s1_0 
    where
        s1_0.user_id=? 
        and s1_0.status=1 
        and timestamp(s1_0.schedule_date, s1_0.schedule_time) between ? and ?
]]></system-out>
  </testcase>
  <testcase name="searchSchedules_shouldReturnMatches" classname="com.privatebutler.interfaces.schedule.ScheduleControllerTest" time="0.016">
    <system-out><![CDATA[Hibernate: 
    insert 
    into
        sys_user
        (created_at, last_login_time, lock_time, login_fail_count, password, phone, remember_password, status, updated_at) 
    values
        (?, ?, ?, ?, ?, ?, ?, ?, ?)
Hibernate: 
    insert 
    into
        sch_schedule
        (category, created_at, note, remind_before, repeat_end_date, repeat_month_date, repeat_type, repeat_week_days, schedule_date, schedule_time, status, title, updated_at, user_id) 
    values
        (?, ?, ?, ?, ?, ?, ?, ?, ?, ?, ?, ?, ?, ?)
Hibernate: 
    insert 
    into
        sch_schedule
        (category, created_at, note, remind_before, repeat_end_date, repeat_month_date, repeat_type, repeat_week_days, schedule_date, schedule_time, status, title, updated_at, user_id) 
    values
        (?, ?, ?, ?, ?, ?, ?, ?, ?, ?, ?, ?, ?, ?)
Hibernate: 
    select
        s1_0.id,
        s1_0.category,
        s1_0.created_at,
        s1_0.note,
        s1_0.remind_before,
        s1_0.repeat_end_date,
        s1_0.repeat_month_date,
        s1_0.repeat_type,
        s1_0.repeat_week_days,
        s1_0.schedule_date,
        s1_0.schedule_time,
        s1_0.status,
        s1_0.title,
        s1_0.updated_at,
        s1_0.user_id 
    from
        sch_schedule s1_0 
    where
        s1_0.user_id=? 
        and s1_0.title like ? escape '\\' 
        and s1_0.status=?
]]></system-out>
  </testcase>
  <testcase name="updateSchedule_shouldUpdateDb" classname="com.privatebutler.interfaces.schedule.ScheduleControllerTest" time="0.014">
    <system-out><![CDATA[Hibernate: 
    insert 
    into
        sys_user
        (created_at, last_login_time, lock_time, login_fail_count, password, phone, remember_password, status, updated_at) 
    values
        (?, ?, ?, ?, ?, ?, ?, ?, ?)
Hibernate: 
    insert 
    into
        sch_schedule
        (category, created_at, note, remind_before, repeat_end_date, repeat_month_date, repeat_type, repeat_week_days, schedule_date, schedule_time, status, title, updated_at, user_id) 
    values
        (?, ?, ?, ?, ?, ?, ?, ?, ?, ?, ?, ?, ?, ?)
]]></system-out>
  </testcase>
  <testcase name="listByDate_shouldFilter" classname="com.privatebutler.interfaces.schedule.ScheduleControllerTest" time="0.012">
    <system-out><![CDATA[Hibernate: 
    insert 
    into
        sys_user
        (created_at, last_login_time, lock_time, login_fail_count, password, phone, remember_password, status, updated_at) 
    values
        (?, ?, ?, ?, ?, ?, ?, ?, ?)
Hibernate: 
    insert 
    into
        sch_schedule
        (category, created_at, note, remind_before, repeat_end_date, repeat_month_date, repeat_type, repeat_week_days, schedule_date, schedule_time, status, title, updated_at, user_id) 
    values
        (?, ?, ?, ?, ?, ?, ?, ?, ?, ?, ?, ?, ?, ?)
Hibernate: 
    insert 
    into
        sch_schedule
        (category, created_at, note, remind_before, repeat_end_date, repeat_month_date, repeat_type, repeat_week_days, schedule_date, schedule_time, status, title, updated_at, user_id) 
    values
        (?, ?, ?, ?, ?, ?, ?, ?, ?, ?, ?, ?, ?, ?)
Hibernate: 
    select
        s1_0.id,
        s1_0.category,
        s1_0.created_at,
        s1_0.note,
        s1_0.remind_before,
        s1_0.repeat_end_date,
        s1_0.repeat_month_date,
        s1_0.repeat_type,
        s1_0.repeat_week_days,
        s1_0.schedule_date,
        s1_0.schedule_time,
        s1_0.status,
        s1_0.title,
        s1_0.updated_at,
        s1_0.user_id 
    from
        sch_schedule s1_0 
    where
        s1_0.user_id=? 
        and s1_0.schedule_date=? 
        and s1_0.status=?
]]></system-out>
  </testcase>
  <testcase name="listSchedules_shouldReturnAll" classname="com.privatebutler.interfaces.schedule.ScheduleControllerTest" time="0.01">
    <system-out><![CDATA[Hibernate: 
    insert 
    into
        sys_user
        (created_at, last_login_time, lock_time, login_fail_count, password, phone, remember_password, status, updated_at) 
    values
        (?, ?, ?, ?, ?, ?, ?, ?, ?)
Hibernate: 
    insert 
    into
        sch_schedule
        (category, created_at, note, remind_before, repeat_end_date, repeat_month_date, repeat_type, repeat_week_days, schedule_date, schedule_time, status, title, updated_at, user_id) 
    values
        (?, ?, ?, ?, ?, ?, ?, ?, ?, ?, ?, ?, ?, ?)
Hibernate: 
    insert 
    into
        sch_schedule
        (category, created_at, note, remind_before, repeat_end_date, repeat_month_date, repeat_type, repeat_week_days, schedule_date, schedule_time, status, title, updated_at, user_id) 
    values
        (?, ?, ?, ?, ?, ?, ?, ?, ?, ?, ?, ?, ?, ?)
Hibernate: 
    select
        s1_0.id,
        s1_0.category,
        s1_0.created_at,
        s1_0.note,
        s1_0.remind_before,
        s1_0.repeat_end_date,
        s1_0.repeat_month_date,
        s1_0.repeat_type,
        s1_0.repeat_week_days,
        s1_0.schedule_date,
        s1_0.schedule_time,
        s1_0.status,
        s1_0.title,
        s1_0.updated_at,
        s1_0.user_id 
    from
        sch_schedule s1_0 
    where
        s1_0.user_id=? 
        and s1_0.status=? 
    order by
        s1_0.schedule_date
]]></system-out>
  </testcase>
  <testcase name="createSchedule_noTitle_shouldFail" classname="com.privatebutler.interfaces.schedule.ScheduleControllerTest" time="0.01">
    <system-out><![CDATA[Hibernate: 
    insert 
    into
        sys_user
        (created_at, last_login_time, lock_time, login_fail_count, password, phone, remember_password, status, updated_at) 
    values
        (?, ?, ?, ?, ?, ?, ?, ?, ?)
Hibernate: 
    select
        s1_0.id,
        s1_0.category,
        s1_0.created_at,
        s1_0.note,
        s1_0.remind_before,
        s1_0.repeat_end_date,
        s1_0.repeat_month_date,
        s1_0.repeat_type,
        s1_0.repeat_week_days,
        s1_0.schedule_date,
        s1_0.schedule_time,
        s1_0.status,
        s1_0.title,
        s1_0.updated_at,
        s1_0.user_id 
    from
        sch_schedule s1_0 
    where
        s1_0.user_id=? 
        and s1_0.status=? 
    order by
        s1_0.schedule_date
]]></system-out>
  </testcase>
  <testcase name="listByCategory_shouldFilter" classname="com.privatebutler.interfaces.schedule.ScheduleControllerTest" time="0.013">
    <system-out><![CDATA[Hibernate: 
    insert 
    into
        sys_user
        (created_at, last_login_time, lock_time, login_fail_count, password, phone, remember_password, status, updated_at) 
    values
        (?, ?, ?, ?, ?, ?, ?, ?, ?)
Hibernate: 
    insert 
    into
        sch_schedule
        (category, created_at, note, remind_before, repeat_end_date, repeat_month_date, repeat_type, repeat_week_days, schedule_date, schedule_time, status, title, updated_at, user_id) 
    values
        (?, ?, ?, ?, ?, ?, ?, ?, ?, ?, ?, ?, ?, ?)
Hibernate: 
    insert 
    into
        sch_schedule
        (category, created_at, note, remind_before, repeat_end_date, repeat_month_date, repeat_type, repeat_week_days, schedule_date, schedule_time, status, title, updated_at, user_id) 
    values
        (?, ?, ?, ?, ?, ?, ?, ?, ?, ?, ?, ?, ?, ?)
Hibernate: 
    select
        s1_0.id,
        s1_0.category,
        s1_0.created_at,
        s1_0.note,
        s1_0.remind_before,
        s1_0.repeat_end_date,
        s1_0.repeat_month_date,
        s1_0.repeat_type,
        s1_0.repeat_week_days,
        s1_0.schedule_date,
        s1_0.schedule_time,
        s1_0.status,
        s1_0.title,
        s1_0.updated_at,
        s1_0.user_id 
    from
        sch_schedule s1_0 
    where
        s1_0.user_id=? 
        and s1_0.category=? 
        and s1_0.status=?
]]></system-out>
  </testcase>
  <testcase name="getScheduleById_shouldReturn" classname="com.privatebutler.interfaces.schedule.ScheduleControllerTest" time="0.006">
    <system-out><![CDATA[Hibernate: 
    insert 
    into
        sys_user
        (created_at, last_login_time, lock_time, login_fail_count, password, phone, remember_password, status, updated_at) 
    values
        (?, ?, ?, ?, ?, ?, ?, ?, ?)
Hibernate: 
    insert 
    into
        sch_schedule
        (category, created_at, note, remind_before, repeat_end_date, repeat_month_date, repeat_type, repeat_week_days, schedule_date, schedule_time, status, title, updated_at, user_id) 
    values
        (?, ?, ?, ?, ?, ?, ?, ?, ?, ?, ?, ?, ?, ?)
]]></system-out>
  </testcase>
  <testcase name="deleteSchedule_shouldMarkDeleted" classname="com.privatebutler.interfaces.schedule.ScheduleControllerTest" time="0.007">
    <system-out><![CDATA[Hibernate: 
    insert 
    into
        sys_user
        (created_at, last_login_time, lock_time, login_fail_count, password, phone, remember_password, status, updated_at) 
    values
        (?, ?, ?, ?, ?, ?, ?, ?, ?)
Hibernate: 
    insert 
    into
        sch_schedule
        (category, created_at, note, remind_before, repeat_end_date, repeat_month_date, repeat_type, repeat_week_days, schedule_date, schedule_time, status, title, updated_at, user_id) 
    values
        (?, ?, ?, ?, ?, ?, ?, ?, ?, ?, ?, ?, ?, ?)
]]></system-out>
  </testcase>
</testsuite>